mode: set
github.com/neogan74/konsul/internal/raft/commands.go:38.77,40.16 2 1
github.com/neogan74/konsul/internal/raft/commands.go:40.16,42.3 1 0
github.com/neogan74/konsul/internal/raft/commands.go:43.2,46.8 1 1
github.com/neogan74/konsul/internal/raft/commands.go:50.45,52.2 1 1
github.com/neogan74/konsul/internal/raft/commands.go:55.54,57.51 2 1
github.com/neogan74/konsul/internal/raft/commands.go:57.51,59.3 1 1
github.com/neogan74/konsul/internal/raft/commands.go:60.2,60.18 1 1
github.com/neogan74/konsul/internal/raft/config.go:73.30,86.2 1 1
github.com/neogan74/konsul/internal/raft/config.go:89.35,90.20 1 1
github.com/neogan74/konsul/internal/raft/config.go:90.20,92.3 1 1
github.com/neogan74/konsul/internal/raft/config.go:93.2,93.22 1 1
github.com/neogan74/konsul/internal/raft/config.go:93.22,95.3 1 1
github.com/neogan74/konsul/internal/raft/config.go:96.2,96.21 1 1
github.com/neogan74/konsul/internal/raft/config.go:96.21,98.3 1 1
github.com/neogan74/konsul/internal/raft/config.go:99.2,99.29 1 1
github.com/neogan74/konsul/internal/raft/config.go:99.29,101.3 1 1
github.com/neogan74/konsul/internal/raft/config.go:102.2,102.28 1 1
github.com/neogan74/konsul/internal/raft/config.go:102.28,104.3 1 1
github.com/neogan74/konsul/internal/raft/config.go:105.2,105.44 1 1
github.com/neogan74/konsul/internal/raft/config.go:105.44,107.3 1 1
github.com/neogan74/konsul/internal/raft/config.go:108.2,108.30 1 1
github.com/neogan74/konsul/internal/raft/config.go:108.30,110.3 1 1
github.com/neogan74/konsul/internal/raft/config.go:111.2,111.12 1 1
github.com/neogan74/konsul/internal/raft/config.go:115.44,116.27 1 1
github.com/neogan74/konsul/internal/raft/config.go:116.27,118.3 1 1
github.com/neogan74/konsul/internal/raft/config.go:119.2,119.19 1 1
github.com/neogan74/konsul/internal/raft/fsm.go:32.39,38.2 1 1
github.com/neogan74/konsul/internal/raft/fsm.go:43.54,46.16 2 1
github.com/neogan74/konsul/internal/raft/fsm.go:46.16,48.3 1 0
github.com/neogan74/konsul/internal/raft/fsm.go:51.2,52.18 2 1
github.com/neogan74/konsul/internal/raft/fsm.go:53.16,54.39 1 1
github.com/neogan74/konsul/internal/raft/fsm.go:55.25,56.48 1 1
github.com/neogan74/konsul/internal/raft/fsm.go:57.19,58.42 1 1
github.com/neogan74/konsul/internal/raft/fsm.go:59.21,60.44 1 1
github.com/neogan74/konsul/internal/raft/fsm.go:61.24,62.47 1 1
github.com/neogan74/konsul/internal/raft/fsm.go:63.26,64.49 1 1
github.com/neogan74/konsul/internal/raft/fsm.go:65.28,66.51 1 1
github.com/neogan74/konsul/internal/raft/fsm.go:67.27,68.50 1 1
github.com/neogan74/konsul/internal/raft/fsm.go:69.10,70.62 1 1
github.com/neogan74/konsul/internal/raft/fsm.go:73.2,73.17 1 1
github.com/neogan74/konsul/internal/raft/fsm.go:78.54,80.52 2 1
github.com/neogan74/konsul/internal/raft/fsm.go:80.52,82.3 1 0
github.com/neogan74/konsul/internal/raft/fsm.go:84.2,88.12 4 1
github.com/neogan74/konsul/internal/raft/fsm.go:91.63,93.52 2 1
github.com/neogan74/konsul/internal/raft/fsm.go:93.52,95.3 1 0
github.com/neogan74/konsul/internal/raft/fsm.go:97.2,101.12 4 1
github.com/neogan74/konsul/internal/raft/fsm.go:104.57,106.52 2 1
github.com/neogan74/konsul/internal/raft/fsm.go:106.52,108.3 1 0
github.com/neogan74/konsul/internal/raft/fsm.go:110.2,114.12 4 1
github.com/neogan74/konsul/internal/raft/fsm.go:117.59,119.52 2 1
github.com/neogan74/konsul/internal/raft/fsm.go:119.52,121.3 1 0
github.com/neogan74/konsul/internal/raft/fsm.go:123.2,126.41 3 1
github.com/neogan74/konsul/internal/raft/fsm.go:129.62,131.52 2 1
github.com/neogan74/konsul/internal/raft/fsm.go:131.52,133.3 1 0
github.com/neogan74/konsul/internal/raft/fsm.go:135.2,138.43 3 1
github.com/neogan74/konsul/internal/raft/fsm.go:143.64,145.52 2 1
github.com/neogan74/konsul/internal/raft/fsm.go:145.52,147.3 1 0
github.com/neogan74/konsul/internal/raft/fsm.go:149.2,160.46 4 1
github.com/neogan74/konsul/internal/raft/fsm.go:163.66,165.52 2 1
github.com/neogan74/konsul/internal/raft/fsm.go:165.52,167.3 1 0
github.com/neogan74/konsul/internal/raft/fsm.go:169.2,173.12 4 1
github.com/neogan74/konsul/internal/raft/fsm.go:176.65,178.52 2 1
github.com/neogan74/konsul/internal/raft/fsm.go:178.52,180.3 1 0
github.com/neogan74/konsul/internal/raft/fsm.go:182.2,186.12 4 1
github.com/neogan74/konsul/internal/raft/fsm.go:192.58,204.2 5 1
github.com/neogan74/konsul/internal/raft/fsm.go:209.53,213.62 3 1
github.com/neogan74/konsul/internal/raft/fsm.go:213.62,215.3 1 0
github.com/neogan74/konsul/internal/raft/fsm.go:217.2,221.71 3 1
github.com/neogan74/konsul/internal/raft/fsm.go:221.71,223.3 1 0
github.com/neogan74/konsul/internal/raft/fsm.go:226.2,226.81 1 1
github.com/neogan74/konsul/internal/raft/fsm.go:226.81,228.3 1 0
github.com/neogan74/konsul/internal/raft/fsm.go:230.2,230.12 1 1
github.com/neogan74/konsul/internal/raft/fsm.go:248.64,255.59 2 1
github.com/neogan74/konsul/internal/raft/fsm.go:255.59,258.3 2 0
github.com/neogan74/konsul/internal/raft/fsm.go:260.2,260.21 1 1
github.com/neogan74/konsul/internal/raft/fsm.go:265.37,267.2 0 0
github.com/neogan74/konsul/internal/raft/log_entry.go:38.70,40.16 2 0
github.com/neogan74/konsul/internal/raft/log_entry.go:40.16,42.3 1 0
github.com/neogan74/konsul/internal/raft/log_entry.go:43.2,47.8 1 0
github.com/neogan74/konsul/internal/raft/log_entry.go:50.45,52.2 1 0
github.com/neogan74/konsul/internal/raft/metrics.go:37.44,38.21 1 1
github.com/neogan74/konsul/internal/raft/metrics.go:38.21,40.3 1 0
github.com/neogan74/konsul/internal/raft/metrics.go:42.2,195.10 2 1
github.com/neogan74/konsul/internal/raft/metrics.go:199.65,201.26 2 1
github.com/neogan74/konsul/internal/raft/metrics.go:201.26,203.3 1 1
github.com/neogan74/konsul/internal/raft/metrics.go:203.8,205.3 1 1
github.com/neogan74/konsul/internal/raft/metrics.go:209.42,211.2 1 1
github.com/neogan74/konsul/internal/raft/metrics.go:214.60,219.2 4 1
github.com/neogan74/konsul/internal/raft/metrics.go:222.47,224.2 1 1
github.com/neogan74/konsul/internal/raft/metrics.go:227.44,229.2 1 0
github.com/neogan74/konsul/internal/raft/metrics.go:232.60,234.2 1 0
github.com/neogan74/konsul/internal/raft/metrics.go:237.38,239.2 1 1
github.com/neogan74/konsul/internal/raft/metrics.go:242.33,244.2 1 0
github.com/neogan74/konsul/internal/raft/metrics.go:247.32,249.2 1 0
github.com/neogan74/konsul/internal/raft/metrics.go:252.72,254.2 1 0
github.com/neogan74/konsul/internal/raft/metrics.go:257.57,259.2 1 0
github.com/neogan74/konsul/internal/raft/metrics.go:262.59,264.2 1 0
github.com/neogan74/konsul/internal/raft/metrics.go:267.50,268.17 1 1
github.com/neogan74/konsul/internal/raft/metrics.go:269.16,270.18 1 1
github.com/neogan74/konsul/internal/raft/metrics.go:271.25,272.24 1 1
github.com/neogan74/konsul/internal/raft/metrics.go:273.19,274.21 1 1
github.com/neogan74/konsul/internal/raft/metrics.go:275.21,276.24 1 1
github.com/neogan74/konsul/internal/raft/metrics.go:277.24,278.27 1 1
github.com/neogan74/konsul/internal/raft/metrics.go:279.26,280.28 1 1
github.com/neogan74/konsul/internal/raft/metrics.go:281.28,282.30 1 1
github.com/neogan74/konsul/internal/raft/metrics.go:283.27,284.29 1 1
github.com/neogan74/konsul/internal/raft/metrics.go:285.10,286.19 1 1
github.com/neogan74/konsul/internal/raft/node.go:37.104,39.39 1 1
github.com/neogan74/konsul/internal/raft/node.go:39.39,41.3 1 0
github.com/neogan74/konsul/internal/raft/node.go:44.2,44.55 1 1
github.com/neogan74/konsul/internal/raft/node.go:44.55,46.3 1 0
github.com/neogan74/konsul/internal/raft/node.go:49.2,50.31 2 1
github.com/neogan74/konsul/internal/raft/node.go:50.31,52.3 1 0
github.com/neogan74/konsul/internal/raft/node.go:53.2,81.16 16 1
github.com/neogan74/konsul/internal/raft/node.go:81.16,83.3 1 0
github.com/neogan74/konsul/internal/raft/node.go:85.2,86.16 2 1
github.com/neogan74/konsul/internal/raft/node.go:86.16,88.3 1 0
github.com/neogan74/konsul/internal/raft/node.go:91.2,93.16 3 1
github.com/neogan74/konsul/internal/raft/node.go:93.16,96.3 2 0
github.com/neogan74/konsul/internal/raft/node.go:99.2,101.16 3 1
github.com/neogan74/konsul/internal/raft/node.go:101.16,105.3 3 0
github.com/neogan74/konsul/internal/raft/node.go:108.2,109.16 2 1
github.com/neogan74/konsul/internal/raft/node.go:109.16,114.3 4 0
github.com/neogan74/konsul/internal/raft/node.go:117.2,118.16 2 1
github.com/neogan74/konsul/internal/raft/node.go:118.16,123.3 4 0
github.com/neogan74/konsul/internal/raft/node.go:126.2,145.19 4 1
github.com/neogan74/konsul/internal/raft/node.go:145.19,156.40 3 1
github.com/neogan74/konsul/internal/raft/node.go:156.40,158.36 1 0
github.com/neogan74/konsul/internal/raft/node.go:158.36,160.5 1 0
github.com/neogan74/konsul/internal/raft/node.go:161.9,163.4 1 1
github.com/neogan74/konsul/internal/raft/node.go:166.2,173.18 2 1
github.com/neogan74/konsul/internal/raft/node.go:177.32,179.2 1 1
github.com/neogan74/konsul/internal/raft/node.go:183.36,186.2 2 1
github.com/neogan74/konsul/internal/raft/node.go:190.34,193.2 2 0
github.com/neogan74/konsul/internal/raft/node.go:196.39,198.2 1 1
github.com/neogan74/konsul/internal/raft/node.go:202.68,203.35 1 1
github.com/neogan74/konsul/internal/raft/node.go:203.35,205.3 1 1
github.com/neogan74/konsul/internal/raft/node.go:207.2,207.54 1 1
github.com/neogan74/konsul/internal/raft/node.go:207.54,208.40 1 0
github.com/neogan74/konsul/internal/raft/node.go:208.40,210.4 1 0
github.com/neogan74/konsul/internal/raft/node.go:211.3,211.58 1 0
github.com/neogan74/konsul/internal/raft/node.go:214.2,214.56 1 1
github.com/neogan74/konsul/internal/raft/node.go:214.56,215.82 1 0
github.com/neogan74/konsul/internal/raft/node.go:215.82,217.4 1 0
github.com/neogan74/konsul/internal/raft/node.go:218.3,218.43 1 0
github.com/neogan74/konsul/internal/raft/node.go:218.43,220.4 1 0
github.com/neogan74/konsul/internal/raft/node.go:221.3,221.52 1 0
github.com/neogan74/konsul/internal/raft/node.go:224.2,224.12 1 1
github.com/neogan74/konsul/internal/raft/node.go:228.42,230.2 1 0
github.com/neogan74/konsul/internal/raft/node.go:233.35,235.2 1 0
github.com/neogan74/konsul/internal/raft/node.go:238.38,240.2 1 0
github.com/neogan74/konsul/internal/raft/node.go:243.63,245.39 2 1
github.com/neogan74/konsul/internal/raft/node.go:245.39,247.3 1 0
github.com/neogan74/konsul/internal/raft/node.go:248.2,248.36 1 1
github.com/neogan74/konsul/internal/raft/node.go:252.33,259.9 4 1
github.com/neogan74/konsul/internal/raft/node.go:260.22,260.22 0 1
github.com/neogan74/konsul/internal/raft/node.go:262.10,263.22 1 1
github.com/neogan74/konsul/internal/raft/node.go:267.2,267.50 1 1
github.com/neogan74/konsul/internal/raft/node.go:267.50,269.3 1 0
github.com/neogan74/konsul/internal/raft/node.go:272.2,272.43 1 1
github.com/neogan74/konsul/internal/raft/node.go:272.43,274.3 1 0
github.com/neogan74/konsul/internal/raft/node.go:276.2,276.41 1 1
github.com/neogan74/konsul/internal/raft/node.go:276.41,278.3 1 0
github.com/neogan74/konsul/internal/raft/node.go:281.2,281.44 1 1
github.com/neogan74/konsul/internal/raft/node.go:281.44,283.3 1 0
github.com/neogan74/konsul/internal/raft/node.go:285.2,286.12 2 1
github.com/neogan74/konsul/internal/raft/node.go:290.59,296.6 5 1
github.com/neogan74/konsul/internal/raft/node.go:296.6,297.10 1 1
github.com/neogan74/konsul/internal/raft/node.go:298.19,299.46 1 1
github.com/neogan74/konsul/internal/raft/node.go:299.46,301.5 1 1
github.com/neogan74/konsul/internal/raft/node.go:302.18,303.22 1 1
github.com/neogan74/konsul/internal/raft/node.go:304.23,305.22 1 0
github.com/neogan74/konsul/internal/raft/node.go:316.72,317.35 1 0
github.com/neogan74/konsul/internal/raft/node.go:317.35,319.3 1 0
github.com/neogan74/konsul/internal/raft/node.go:321.2,322.16 2 0
github.com/neogan74/konsul/internal/raft/node.go:322.16,324.3 1 0
github.com/neogan74/konsul/internal/raft/node.go:326.2,327.39 2 0
github.com/neogan74/konsul/internal/raft/node.go:327.39,328.36 1 0
github.com/neogan74/konsul/internal/raft/node.go:328.36,330.4 1 0
github.com/neogan74/konsul/internal/raft/node.go:331.3,331.50 1 0
github.com/neogan74/konsul/internal/raft/node.go:335.2,335.44 1 0
github.com/neogan74/konsul/internal/raft/node.go:335.44,336.34 1 0
github.com/neogan74/konsul/internal/raft/node.go:336.34,338.4 1 0
github.com/neogan74/konsul/internal/raft/node.go:341.2,341.12 1 0
github.com/neogan74/konsul/internal/raft/node.go:345.47,347.16 2 0
github.com/neogan74/konsul/internal/raft/node.go:347.16,349.3 1 0
github.com/neogan74/konsul/internal/raft/node.go:350.2,350.43 1 0
github.com/neogan74/konsul/internal/raft/node.go:354.70,356.16 2 0
github.com/neogan74/konsul/internal/raft/node.go:356.16,358.3 1 0
github.com/neogan74/konsul/internal/raft/node.go:359.2,359.43 1 0
github.com/neogan74/konsul/internal/raft/node.go:363.43,365.16 2 0
github.com/neogan74/konsul/internal/raft/node.go:365.16,367.3 1 0
github.com/neogan74/konsul/internal/raft/node.go:368.2,368.43 1 0
github.com/neogan74/konsul/internal/raft/node.go:372.58,374.16 2 0
github.com/neogan74/konsul/internal/raft/node.go:374.16,376.3 1 0
github.com/neogan74/konsul/internal/raft/node.go:377.2,377.44 1 0
github.com/neogan74/konsul/internal/raft/node.go:381.51,383.16 2 0
github.com/neogan74/konsul/internal/raft/node.go:383.16,385.3 1 0
github.com/neogan74/konsul/internal/raft/node.go:386.2,386.44 1 0
github.com/neogan74/konsul/internal/raft/node.go:390.109,400.16 2 0
github.com/neogan74/konsul/internal/raft/node.go:400.16,402.3 1 0
github.com/neogan74/konsul/internal/raft/node.go:403.2,403.43 1 0
github.com/neogan74/konsul/internal/raft/node.go:407.53,409.16 2 0
github.com/neogan74/konsul/internal/raft/node.go:409.16,411.3 1 0
github.com/neogan74/konsul/internal/raft/node.go:412.2,412.43 1 0
github.com/neogan74/konsul/internal/raft/node.go:416.52,418.16 2 0
github.com/neogan74/konsul/internal/raft/node.go:418.16,420.3 1 0
github.com/neogan74/konsul/internal/raft/node.go:421.2,421.43 1 0
github.com/neogan74/konsul/internal/raft/node.go:430.48,431.35 1 1
github.com/neogan74/konsul/internal/raft/node.go:431.35,433.3 1 1
github.com/neogan74/konsul/internal/raft/node.go:435.2,439.45 3 1
github.com/neogan74/konsul/internal/raft/node.go:439.45,441.3 1 0
github.com/neogan74/konsul/internal/raft/node.go:443.2,443.59 1 1
github.com/neogan74/konsul/internal/raft/node.go:443.59,444.38 1 1
github.com/neogan74/konsul/internal/raft/node.go:444.38,445.47 1 0
github.com/neogan74/konsul/internal/raft/node.go:445.47,448.5 2 0
github.com/neogan74/konsul/internal/raft/node.go:450.4,451.47 2 0
github.com/neogan74/konsul/internal/raft/node.go:451.47,453.5 1 0
github.com/neogan74/konsul/internal/raft/node.go:458.2,459.39 2 1
github.com/neogan74/konsul/internal/raft/node.go:459.39,461.3 1 0
github.com/neogan74/konsul/internal/raft/node.go:463.2,464.12 2 1
github.com/neogan74/konsul/internal/raft/node.go:469.43,470.35 1 1
github.com/neogan74/konsul/internal/raft/node.go:470.35,472.3 1 0
github.com/neogan74/konsul/internal/raft/node.go:474.2,477.39 3 1
github.com/neogan74/konsul/internal/raft/node.go:477.39,479.3 1 0
github.com/neogan74/konsul/internal/raft/node.go:481.2,482.12 2 1
github.com/neogan74/konsul/internal/raft/node.go:486.33,489.2 2 0
github.com/neogan74/konsul/internal/raft/node.go:531.55,534.45 2 0
github.com/neogan74/konsul/internal/raft/node.go:534.45,536.3 1 0
github.com/neogan74/konsul/internal/raft/node.go:539.2,540.59 2 0
github.com/neogan74/konsul/internal/raft/node.go:540.59,542.36 2 0
github.com/neogan74/konsul/internal/raft/node.go:542.36,544.4 1 0
github.com/neogan74/konsul/internal/raft/node.go:544.9,544.42 1 0
github.com/neogan74/konsul/internal/raft/node.go:544.42,546.4 1 0
github.com/neogan74/konsul/internal/raft/node.go:547.3,551.5 1 0
github.com/neogan74/konsul/internal/raft/node.go:555.2,581.8 13 0
github.com/neogan74/konsul/internal/raft/node.go:585.53,587.16 2 0
github.com/neogan74/konsul/internal/raft/node.go:587.16,589.3 1 0
github.com/neogan74/konsul/internal/raft/node.go:590.2,590.27 1 0
github.com/neogan74/konsul/internal/raft/node.go:599.31,608.6 6 1
github.com/neogan74/konsul/internal/raft/node.go:608.6,609.10 1 1
github.com/neogan74/konsul/internal/raft/node.go:610.19,618.33 3 1
github.com/neogan74/konsul/internal/raft/node.go:618.33,626.64 2 1
github.com/neogan74/konsul/internal/raft/node.go:626.64,632.6 2 1
github.com/neogan74/konsul/internal/raft/node.go:634.5,634.29 1 1
github.com/neogan74/konsul/internal/raft/node.go:638.4,650.18 8 1
github.com/neogan74/konsul/internal/raft/node.go:650.18,652.5 1 1
github.com/neogan74/konsul/internal/raft/node.go:655.4,657.39 3 1
github.com/neogan74/konsul/internal/raft/node.go:659.23,661.10 2 1
